#
# There is insufficient memory for the Java Runtime Environment to continue.
# Native memory allocation (malloc) failed to allocate 1053296 bytes for Chunk::new
# Possible reasons:
#   The system is out of physical RAM or swap space
#   In 32 bit mode, the process size limit was hit
# Possible solutions:
#   Reduce memory load on the system
#   Increase physical memory or swap space
#   Check if swap backing store is full
#   Use 64 bit Java on a 64 bit OS
#   Decrease Java heap size (-Xmx/-Xms)
#   Decrease number of Java threads
#   Decrease Java thread stack sizes (-Xss)
#   Set larger code cache with -XX:ReservedCodeCacheSize=
# This output file may be truncated or incomplete.
#
#  Out of Memory Error (allocation.cpp:390), pid=1212, tid=0x0000000000003be4
#
# JRE version: OpenJDK Runtime Environment (8.0_152-b01) (build 1.8.0_152-release-1343-b01)
# Java VM: OpenJDK 64-Bit Server VM (25.152-b01 mixed mode windows-amd64 compressed oops)
# Failed to write core dump. Minidumps are not enabled by default on client versions of Windows
#

---------------  T H R E A D  ---------------

Current thread (0x0000000017672000):  JavaThread "C2 CompilerThread1" daemon [_thread_in_native, id=15332, stack(0x0000000017f60000,0x0000000018060000)]

Stack: [0x0000000017f60000,0x0000000018060000]
[error occurred during error reporting (printing stack bounds), id 0xc0000005]

Native frames: (J=compiled Java code, j=interpreted, Vv=VM code, C=native code)


Current CompileTask:
C2:3160497 21818       4       com.android.builder.dexing.ReferenceCountMergingStrategy$$Lambda$565/593819435::accept (16 bytes)


---------------  P R O C E S S  ---------------

Java Threads: ( => current thread )
  0x000000001e162800 JavaThread "ForkJoinPool.commonPool-worker-0" daemon [_thread_in_Java, id=6692, stack(0x000000003be70000,0x000000003bf70000)]
  0x00000000211a8000 JavaThread "ForkJoinPool.commonPool-worker-7" daemon [_thread_blocked, id=7228, stack(0x000000003bd70000,0x000000003be70000)]
  0x00000000211a7800 JavaThread "ForkJoinPool.commonPool-worker-6" daemon [_thread_blocked, id=1880, stack(0x000000003bc70000,0x000000003bd70000)]
  0x00000000211a6800 JavaThread "ForkJoinPool.commonPool-worker-5" daemon [_thread_blocked, id=9060, stack(0x000000003bb70000,0x000000003bc70000)]
  0x000000002119f000 JavaThread "ForkJoinPool.commonPool-worker-4" daemon [_thread_blocked, id=5552, stack(0x000000003ba70000,0x000000003bb70000)]
  0x00000000211a5000 JavaThread "ForkJoinPool.commonPool-worker-3" daemon [_thread_blocked, id=14000, stack(0x000000003b970000,0x000000003ba70000)]
  0x00000000211a0800 JavaThread "Cache worker for Java compile cache (C:\Users\123\Downloads\ud867-master\FinalProject\.gradle\4.1\javaCompile)" [_thread_blocked, id=6076, stack(0x000000003b870000,0x000000003b970000)]
  0x00000000211a1000 JavaThread "Task worker for ':' Thread 7" [_thread_blocked, id=15116, stack(0x0000000039d70000,0x0000000039e70000)]
  0x000000002119d800 JavaThread "Task worker for ':' Thread 6" [_thread_blocked, id=15460, stack(0x0000000039c70000,0x0000000039d70000)]
  0x000000002119c800 JavaThread "Task worker for ':' Thread 5" [_thread_blocked, id=3068, stack(0x0000000039b70000,0x0000000039c70000)]
  0x0000000024698800 JavaThread "Task worker for ':' Thread 4" [_thread_blocked, id=16300, stack(0x0000000039a70000,0x0000000039b70000)]
  0x0000000024697000 JavaThread "Task worker for ':' Thread 3" [_thread_blocked, id=8652, stack(0x0000000039970000,0x0000000039a70000)]
  0x0000000024698000 JavaThread "Task worker for ':' Thread 2" [_thread_blocked, id=15032, stack(0x0000000039870000,0x0000000039970000)]
  0x000000002469b000 JavaThread "Task worker for ':'" [_thread_blocked, id=15140, stack(0x0000000039770000,0x0000000039870000)]
  0x0000000024696800 JavaThread "Cache worker for task history cache (C:\Users\123\Downloads\ud867-master\FinalProject\.gradle\4.1\taskHistory)" [_thread_blocked, id=9568, stack(0x0000000039670000,0x0000000039770000)]
  0x0000000024694000 JavaThread "Cache worker for file content cache (C:\Users\123\Downloads\ud867-master\FinalProject\.gradle\4.1\fileContent)" [_thread_blocked, id=8180, stack(0x0000000039570000,0x0000000039670000)]
  0x0000000024693800 JavaThread "build operations Thread 8" [_thread_blocked, id=8552, stack(0x0000000039470000,0x0000000039570000)]
  0x000000002469a800 JavaThread "build operations Thread 7" [_thread_blocked, id=12824, stack(0x0000000039370000,0x0000000039470000)]
  0x0000000024695800 JavaThread "build operations Thread 6" [_thread_blocked, id=4064, stack(0x0000000039270000,0x0000000039370000)]
  0x0000000024692800 JavaThread "build operations Thread 5" [_thread_blocked, id=10720, stack(0x0000000039170000,0x0000000039270000)]
  0x0000000024695000 JavaThread "build operations Thread 4" [_thread_blocked, id=7032, stack(0x0000000039070000,0x0000000039170000)]
  0x0000000024699800 JavaThread "build operations Thread 3" [_thread_blocked, id=7908, stack(0x0000000038f70000,0x0000000039070000)]
  0x000000002468c800 JavaThread "build operations Thread 2" [_thread_blocked, id=16280, stack(0x0000000038e70000,0x0000000038f70000)]
  0x0000000024692000 JavaThread "build operations" [_thread_blocked, id=13044, stack(0x0000000038d70000,0x0000000038e70000)]
  0x0000000024691000 JavaThread "Cache worker for Artifact transforms cache (C:\Users\123\.gradle\caches\transforms-1)" [_thread_blocked, id=15776, stack(0x0000000038c70000,0x0000000038d70000)]
  0x000000002468c000 JavaThread "Cache worker for file hash cache (C:\Users\123\Downloads\ud867-master\FinalProject\.gradle\4.1\fileHashes)" [_thread_blocked, id=7420, stack(0x0000000038b70000,0x0000000038c70000)]
  0x0000000024690800 JavaThread "Stdin handler" [_thread_blocked, id=6136, stack(0x0000000038a70000,0x0000000038b70000)]
  0x000000002468e000 JavaThread "Asynchronous log dispatcher for DefaultDaemonConnection: socket connection from /127.0.0.1:52979 to /127.0.0.1:56407" [_thread_blocked, id=14292, stack(0x0000000038970000,0x0000000038a70000)]
  0x000000002468f800 JavaThread "Cancel handler" [_thread_blocked, id=12172, stack(0x0000000038870000,0x0000000038970000)]
  0x000000002468d800 JavaThread "Handler for socket connection from /127.0.0.1:52979 to /127.0.0.1:56407" [_thread_in_native, id=14296, stack(0x0000000038770000,0x0000000038870000)]
  0x000000002468f000 JavaThread "ForkJoinPool.commonPool-worker-2" daemon [_thread_blocked, id=248, stack(0x0000000036d70000,0x0000000036e70000)]
  0x0000000019d99800 JavaThread "wait-for-process-exit-and-output-handlers" daemon [_thread_in_native, id=11768, stack(0x0000000033c70000,0x0000000033d70000)]
  0x0000000019d99000 JavaThread "standard-err" daemon [_thread_in_native, id=14592, stack(0x0000000033b70000,0x0000000033c70000)]
  0x0000000019d98000 JavaThread "standard-out" daemon [_thread_in_native, id=9668, stack(0x0000000033a70000,0x0000000033b70000)]
  0x000000002119b000 JavaThread "Daemon worker Thread 4" [_thread_blocked, id=15604, stack(0x000000002f570000,0x000000002f670000)]
  0x0000000021199800 JavaThread "Daemon Thread 4" [_thread_blocked, id=3012, stack(0x000000002f270000,0x000000002f370000)]
  0x000000001e15c800 JavaThread "pool-1-thread-1" [_thread_blocked, id=7264, stack(0x0000000022a10000,0x0000000022b10000)]
  0x000000001e161000 JavaThread "Memory manager" [_thread_blocked, id=7636, stack(0x0000000022310000,0x0000000022410000)]
  0x0000000019329800 JavaThread "File lock request listener" [_thread_in_native, id=12996, stack(0x000000001c390000,0x000000001c490000)]
  0x0000000017859800 JavaThread "Cache worker for file hash cache (C:\Users\123\.gradle\caches\4.1\fileHashes)" [_thread_blocked, id=13408, stack(0x000000001c290000,0x000000001c390000)]
  0x0000000017874800 JavaThread "Daemon periodic checks" [_thread_blocked, id=15864, stack(0x000000001b690000,0x000000001b790000)]
  0x0000000017791000 JavaThread "Incoming local TCP Connector on port 52979" [_thread_in_native, id=8984, stack(0x000000001b450000,0x000000001b550000)]
  0x0000000017745800 JavaThread "Service Thread" daemon [_thread_blocked, id=1448, stack(0x0000000018260000,0x0000000018360000)]
  0x00000000176c2000 JavaThread "C1 CompilerThread3" daemon [_thread_blocked, id=15056, stack(0x0000000018160000,0x0000000018260000)]
  0x0000000017676000 JavaThread "C2 CompilerThread2" daemon [_thread_blocked, id=11860, stack(0x0000000018060000,0x0000000018160000)]
=>0x0000000017672000 JavaThread "C2 CompilerThread1" daemon [_thread_in_native, id=15332, stack(0x0000000017f60000,0x0000000018060000)]
  0x000000001766f800 JavaThread "C2 CompilerThread0" daemon [_thread_blocked, id=14872, stack(0x0000000017e60000,0x0000000017f60000)]
  0x000000001576d800 JavaThread "Attach Listener" daemon [_thread_blocked, id=13424, stack(0x0000000017d60000,0x0000000017e60000)]
  0x00000000176bf800 JavaThread "Signal Dispatcher" daemon [_thread_blocked, id=15560, stack(0x0000000017c60000,0x0000000017d60000)]
  0x0000000002c09800 JavaThread "Finalizer" daemon [_thread_blocked, id=12628, stack(0x0000000017a40000,0x0000000017b40000)]
  0x0000000002c08000 JavaThread "Reference Handler" daemon [_thread_blocked, id=15336, stack(0x0000000017540000,0x0000000017640000)]
  0x00000000029ae000 JavaThread "main" [_thread_blocked, id=16128, stack(0x0000000002a10000,0x0000000002b10000)]

Other Threads:
  0x0000000015756800 VMThread [stack: 0x0000000017440000,0x0000000017540000] [id=6264]
  0x0000000017746000 WatcherThread [stack: 0x0000000018360000,0x0000000018460000] [id=15268]

VM state:not at safepoint (normal execution)

VM Mutex/Monitor currently owned by a thread: None

Heap:
 PSYoungGen      total 258048K, used 48965K [0x00000000eab00000, 0x00000000ff700000, 0x0000000100000000)
  eden space 202240K, 15% used [0x00000000eab00000,0x00000000eca01db0,0x00000000f7080000)
  from space 55808K, 30% used [0x00000000fc080000,0x00000000fd14f6c8,0x00000000ff700000)
  to   space 49664K, 0% used [0x00000000f7080000,0x00000000f7080000,0x00000000fa100000)
 ParOldGen       total 142336K, used 141936K [0x00000000c0000000, 0x00000000c8b00000, 0x00000000eab00000)
  object space 142336K, 99% used [0x00000000c0000000,0x00000000c8a9c128,0x00000000c8b00000)
 Metaspace       used 89275K, capacity 94786K, committed 95576K, reserved 1132544K
  class space    used 11289K, capacity 12476K, committed 12672K, reserved 1048576K

Card table byte_map: [0x0000000011fe0000,0x00000000121f0000] byte_map_base: 0x00000000119e0000

Marking Bits: (ParMarkBitMap*) 0x000000005a1f5aa0
 Begin Bits: [0x0000000012b50000, 0x0000000013b50000)
 End Bits:   [0x0000000013b50000, 0x0000000014b50000)

Polling page: 0x0000000002990000

CodeCache: size=245760Kb used=63641Kb max_used=63666Kb free=182118Kb
 bounds [0x0000000002c20000, 0x0000000006ab0000, 0x0000000011c20000]
 total_blobs=18588 nmethods=17727 adapters=772
 compilation: enabled

Compilation events (10 events):
Event: 3158.304 Thread 0x00000000176c2000 nmethod 21918 0x0000000006a7a310 code [0x0000000006a7a700, 0x0000000006a7d168]
Event: 3159.460 Thread 0x000000001766f800 nmethod 21843 0x0000000006a88190 code [0x0000000006a88960, 0x0000000006a90930]
Event: 3159.465 Thread 0x0000000017676000 21919 %     4       com.android.dx.merge.DexMerger$IdMerger::mergeSorted @ 267 (421 bytes)
Event: 3159.492 Thread 0x00000000176c2000 21920       3       com.android.dx.merge.DexMerger$IdMerger::readIntoMap (85 bytes)
Event: 3159.493 Thread 0x000000001766f800 21921       4       com.android.dex.Dex$Section::getPosition (8 bytes)
Event: 3159.494 Thread 0x0000000017676000 nmethod 21919% 0x0000000006a86090 code [0x0000000006a862a0, 0x0000000006a871f0]
Event: 3159.494 Thread 0x00000000176c2000 nmethod 21920 0x00000000063edd10 code [0x00000000063edf40, 0x00000000063eebd8]
Event: 3159.494 Thread 0x000000001766f800 nmethod 21921 0x000000000303b890 code [0x000000000303b9c0, 0x000000000303ba38]
Event: 3159.500 Thread 0x000000001766f800 21922       4       com.android.dx.merge.DexMerger$IdMerger::readIntoMap (85 bytes)
Event: 3159.517 Thread 0x000000001766f800 nmethod 21922 0x0000000006a84c90 code [0x0000000006a84e40, 0x0000000006a85718]

GC Heap History (10 events):
Event: 3149.793 GC heap before
{Heap before GC invocations=27 (full 4):
 PSYoungGen      total 230400K, used 26151K [0x00000000eab00000, 0x00000000fd280000, 0x0000000100000000)
  eden space 177664K, 0% used [0x00000000eab00000,0x00000000eab00000,0x00000000f5880000)
  from space 52736K, 49% used [0x00000000f5880000,0x00000000f7209fa8,0x00000000f8c00000)
  to   space 50688K, 0% used [0x00000000fa100000,0x00000000fa100000,0x00000000fd280000)
 ParOldGen       total 118272K, used 111125K [0x00000000c0000000, 0x00000000c7380000, 0x00000000eab00000)
  object space 118272K, 93% used [0x00000000c0000000,0x00000000c6c855f8,0x00000000c7380000)
 Metaspace       used 86172K, capacity 91942K, committed 92248K, reserved 1128448K
  class space    used 11070K, capacity 12347K, committed 12416K, reserved 1048576K
Event: 3150.198 GC heap after
Heap after GC invocations=27 (full 4):
 PSYoungGen      total 230400K, used 0K [0x00000000eab00000, 0x00000000fd280000, 0x0000000100000000)
  eden space 177664K, 0% used [0x00000000eab00000,0x00000000eab00000,0x00000000f5880000)
  from space 52736K, 0% used [0x00000000f5880000,0x00000000f5880000,0x00000000f8c00000)
  to   space 50688K, 0% used [0x00000000fa100000,0x00000000fa100000,0x00000000fd280000)
 ParOldGen       total 118272K, used 81335K [0x00000000c0000000, 0x00000000c7380000, 0x00000000eab00000)
  object space 118272K, 68% used [0x00000000c0000000,0x00000000c4f6dd90,0x00000000c7380000)
 Metaspace       used 85659K, capacity 91010K, committed 92248K, reserved 1128448K
  class space    used 10979K, capacity 12164K, committed 12416K, reserved 1048576K
}
Event: 3156.042 GC heap before
{Heap before GC invocations=28 (full 4):
 PSYoungGen      total 230400K, used 177664K [0x00000000eab00000, 0x00000000fd280000, 0x0000000100000000)
  eden space 177664K, 100% used [0x00000000eab00000,0x00000000f5880000,0x00000000f5880000)
  from space 52736K, 0% used [0x00000000f5880000,0x00000000f5880000,0x00000000f8c00000)
  to   space 50688K, 0% used [0x00000000fa100000,0x00000000fa100000,0x00000000fd280000)
 ParOldGen       total 118272K, used 81335K [0x00000000c0000000, 0x00000000c7380000, 0x00000000eab00000)
  object space 118272K, 68% used [0x00000000c0000000,0x00000000c4f6dd90,0x00000000c7380000)
 Metaspace       used 88944K, capacity 94498K, committed 95192K, reserved 1132544K
  class space    used 11263K, capacity 12434K, committed 12544K, reserved 1048576K
Event: 3156.103 GC heap after
Heap after GC invocations=28 (full 4):
 PSYoungGen      total 252928K, used 15404K [0x00000000eab00000, 0x00000000fd400000, 0x0000000100000000)
  eden space 202240K, 0% used [0x00000000eab00000,0x00000000eab00000,0x00000000f7080000)
  from space 50688K, 30% used [0x00000000fa100000,0x00000000fb00b3c0,0x00000000fd280000)
  to   space 49664K, 0% used [0x00000000f7080000,0x00000000f7080000,0x00000000fa100000)
 ParOldGen       total 118272K, used 81343K [0x00000000c0000000, 0x00000000c7380000, 0x00000000eab00000)
  object space 118272K, 68% used [0x00000000c0000000,0x00000000c4f6fd90,0x00000000c7380000)
 Metaspace       used 88944K, capacity 94498K, committed 95192K, reserved 1132544K
  class space    used 11263K, capacity 12434K, committed 12544K, reserved 1048576K
}
Event: 3157.435 GC heap before
{Heap before GC invocations=29 (full 4):
 PSYoungGen      total 252928K, used 217644K [0x00000000eab00000, 0x00000000fd400000, 0x0000000100000000)
  eden space 202240K, 100% used [0x00000000eab00000,0x00000000f7080000,0x00000000f7080000)
  from space 50688K, 30% used [0x00000000fa100000,0x00000000fb00b3c0,0x00000000fd280000)
  to   space 49664K, 0% used [0x00000000f7080000,0x00000000f7080000,0x00000000fa100000)
 ParOldGen       total 118272K, used 81343K [0x00000000c0000000, 0x00000000c7380000, 0x00000000eab00000)
  object space 118272K, 68% used [0x00000000c0000000,0x00000000c4f6fd90,0x00000000c7380000)
 Metaspace       used 89180K, capacity 94734K, committed 95576K, reserved 1132544K
  class space    used 11291K, capacity 12468K, committed 12672K, reserved 1048576K
Event: 3157.464 GC heap after
Heap after GC invocations=29 (full 4):
 PSYoungGen      total 251904K, used 47123K [0x00000000eab00000, 0x00000000ff700000, 0x0000000100000000)
  eden space 202240K, 0% used [0x00000000eab00000,0x00000000eab00000,0x00000000f7080000)
  from space 49664K, 94% used [0x00000000f7080000,0x00000000f9e84dd8,0x00000000fa100000)
  to   space 55808K, 0% used [0x00000000fc080000,0x00000000fc080000,0x00000000ff700000)
 ParOldGen       total 118272K, used 81615K [0x00000000c0000000, 0x00000000c7380000, 0x00000000eab00000)
  object space 118272K, 69% used [0x00000000c0000000,0x00000000c4fb3da8,0x00000000c7380000)
 Metaspace       used 89180K, capacity 94734K, committed 95576K, reserved 1132544K
  class space    used 11291K, capacity 12468K, committed 12672K, reserved 1048576K
}
Event: 3158.320 GC heap before
{Heap before GC invocations=30 (full 4):
 PSYoungGen      total 251904K, used 249363K [0x00000000eab00000, 0x00000000ff700000, 0x0000000100000000)
  eden space 202240K, 100% used [0x00000000eab00000,0x00000000f7080000,0x00000000f7080000)
  from space 49664K, 94% used [0x00000000f7080000,0x00000000f9e84dd8,0x00000000fa100000)
  to   space 55808K, 0% used [0x00000000fc080000,0x00000000fc080000,0x00000000ff700000)
 ParOldGen       total 118272K, used 81615K [0x00000000c0000000, 0x00000000c7380000, 0x00000000eab00000)
  object space 118272K, 69% used [0x00000000c0000000,0x00000000c4fb3da8,0x00000000c7380000)
 Metaspace       used 89315K, capacity 94896K, committed 95576K, reserved 1132544K
  class space    used 11304K, capacity 12501K, committed 12672K, reserved 1048576K
Event: 3158.454 GC heap after
Heap after GC invocations=30 (full 4):
 PSYoungGen      total 258048K, used 55777K [0x00000000eab00000, 0x00000000ff700000, 0x0000000100000000)
  eden space 202240K, 0% used [0x00000000eab00000,0x00000000eab00000,0x00000000f7080000)
  from space 55808K, 99% used [0x00000000fc080000,0x00000000ff6f84d8,0x00000000ff700000)
  to   space 49664K, 0% used [0x00000000f7080000,0x00000000f7080000,0x00000000fa100000)
 ParOldGen       total 142336K, used 141346K [0x00000000c0000000, 0x00000000c8b00000, 0x00000000eab00000)
  object space 142336K, 99% used [0x00000000c0000000,0x00000000c8a08be8,0x00000000c8b00000)
 Metaspace       used 89315K, capacity 94896K, committed 95576K, reserved 1132544K
  class space    used 11304K, capacity 12501K, committed 12672K, reserved 1048576K
}
Event: 3158.454 GC heap before
{Heap before GC invocations=31 (full 5):
 PSYoungGen      total 258048K, used 55777K [0x00000000eab00000, 0x00000000ff700000, 0x0000000100000000)
  eden space 202240K, 0% used [0x00000000eab00000,0x00000000eab00000,0x00000000f7080000)
  from space 55808K, 99% used [0x00000000fc080000,0x00000000ff6f84d8,0x00000000ff700000)
  to   space 49664K, 0% used [0x00000000f7080000,0x00000000f7080000,0x00000000fa100000)
 ParOldGen       total 142336K, used 141346K [0x00000000c0000000, 0x00000000c8b00000, 0x00000000eab00000)
  object space 142336K, 99% used [0x00000000c0000000,0x00000000c8a08be8,0x00000000c8b00000)
 Metaspace       used 89315K, capacity 94896K, committed 95576K, reserved 1132544K
  class space    used 11304K, capacity 12501K, committed 12672K, reserved 1048576K
Event: 3159.446 GC heap after
Heap after GC invocations=31 (full 5):
 PSYoungGen      total 258048K, used 17213K [0x00000000eab00000, 0x00000000ff700000, 0x0000000100000000)
  eden space 202240K, 0% used [0x00000000eab00000,0x00000000eab00000,0x00000000f7080000)
  from space 55808K, 30% used [0x00000000fc080000,0x00000000fd14f6c8,0x00000000ff700000)
  to   space 49664K, 0% used [0x00000000f7080000,0x00000000f7080000,0x00000000fa100000)
 ParOldGen       total 142336K, used 141936K [0x00000000c0000000, 0x00000000c8b00000, 0x00000000eab00000)
  object space 142336K, 99% used [0x00000000c0000000,0x00000000c8a9c128,0x00000000c8b00000)
 Metaspace       used 89275K, capacity 94786K, committed 95576K, reserved 1132544K
  class space    used 11289K, capacity 12476K, committed 12672K, reserved 1048576K
}

Deoptimization events (10 events):
Event: 3157.326 Thread 0x000000002469b000 Uncommon trap: reason=unstable_if action=reinterpret pc=0x0000000002e40a14 method=java.nio.Bits.getShort(Ljava/nio/ByteBuffer;IZ)S @ 1
Event: 3157.982 Thread 0x000000001e162800 Uncommon trap: reason=unstable_if action=reinterpret pc=0x0000000006a4c918 method=com.android.dex.Leb128.readUnsignedLeb128(Lcom/android/dex/util/ByteInput;)I @ 38
Event: 3157.983 Thread 0x000000001e162800 Uncommon trap: reason=unstable_if action=reinterpret pc=0x0000000006a34724 method=com.android.dex.Leb128.readUnsignedLeb128(Lcom/android/dex/util/ByteInput;)I @ 38
Event: 3157.992 Thread 0x000000001e162800 Uncommon trap: reason=unstable_if action=reinterpret pc=0x0000000006a387a0 method=com.android.dex.Mutf8.decode(Lcom/android/dex/util/ByteInput;[C)Ljava/lang/String; @ 37
Event: 3158.011 Thread 0x000000001e162800 Uncommon trap: reason=class_check action=maybe_recompile pc=0x0000000006808de0 method=com.android.dex.Leb128.writeUnsignedLeb128(Lcom/android/dex/util/ByteOutput;I)V @ 40
Event: 3158.011 Thread 0x000000001e162800 Uncommon trap: reason=class_check action=maybe_recompile pc=0x0000000006808de0 method=com.android.dex.Leb128.writeUnsignedLeb128(Lcom/android/dex/util/ByteOutput;I)V @ 40
Event: 3158.011 Thread 0x000000001e162800 Uncommon trap: reason=class_check action=maybe_recompile pc=0x0000000006808de0 method=com.android.dex.Leb128.writeUnsignedLeb128(Lcom/android/dex/util/ByteOutput;I)V @ 40
Event: 3158.011 Thread 0x000000001e162800 Uncommon trap: reason=class_check action=maybe_recompile pc=0x0000000006808de0 method=com.android.dex.Leb128.writeUnsignedLeb128(Lcom/android/dex/util/ByteOutput;I)V @ 40
Event: 3158.032 Thread 0x000000001e162800 Uncommon trap: reason=unstable_if action=reinterpret pc=0x00000000063f6bd8 method=com.android.dex.Mutf8.decode(Lcom/android/dex/util/ByteInput;[C)Ljava/lang/String; @ 54
Event: 3159.491 Thread 0x000000001e162800 Uncommon trap: reason=unstable_if action=reinterpret pc=0x00000000063f87d4 method=com.android.dx.merge.DexMerger$IdMerger.readIntoMap(Lcom/android/dex/Dex$Section;Lcom/android/dex/TableOfContents$Section;Lcom/android/dx/merge/IndexMap;ILjava/util/TreeMap;

Classes redefined (0 events):
No events

Internal exceptions (10 events):
Event: 3156.277 Thread 0x00000000211a7800 Exception <a 'sun/nio/fs/WindowsException'> (0x00000000eb634260) thrown at [D:\src\AOSP-openjdk-cygwin\jdk8u\hotspot\src\share\vm\prims\jni.cpp, line 709]
Event: 3156.308 Thread 0x00000000211a7800 Exception <a 'sun/nio/fs/WindowsException'> (0x00000000ebc00c38) thrown at [D:\src\AOSP-openjdk-cygwin\jdk8u\hotspot\src\share\vm\prims\jni.cpp, line 709]
Event: 3156.324 Thread 0x00000000211a6800 Exception <a 'sun/nio/fs/WindowsException'> (0x00000000eb4dfad8) thrown at [D:\src\AOSP-openjdk-cygwin\jdk8u\hotspot\src\share\vm\prims\jni.cpp, line 709]
Event: 3156.388 Thread 0x000000001e162800 Exception <a 'sun/nio/fs/WindowsException'> (0x00000000ec0b2700) thrown at [D:\src\AOSP-openjdk-cygwin\jdk8u\hotspot\src\share\vm\prims\jni.cpp, line 709]
Event: 3156.408 Thread 0x000000001e162800 Exception <a 'sun/nio/fs/WindowsException'> (0x00000000ec100f90) thrown at [D:\src\AOSP-openjdk-cygwin\jdk8u\hotspot\src\share\vm\prims\jni.cpp, line 709]
Event: 3156.413 Thread 0x000000001e162800 Exception <a 'sun/nio/fs/WindowsException'> (0x00000000ec122b28) thrown at [D:\src\AOSP-openjdk-cygwin\jdk8u\hotspot\src\share\vm\prims\jni.cpp, line 709]
Event: 3156.421 Thread 0x000000001e162800 Exception <a 'sun/nio/fs/WindowsException'> (0x00000000ec14cc30) thrown at [D:\src\AOSP-openjdk-cygwin\jdk8u\hotspot\src\share\vm\prims\jni.cpp, line 709]
Event: 3156.426 Thread 0x000000001e162800 Exception <a 'sun/nio/fs/WindowsException'> (0x00000000ec1686a8) thrown at [D:\src\AOSP-openjdk-cygwin\jdk8u\hotspot\src\share\vm\prims\jni.cpp, line 709]
Event: 3156.430 Thread 0x000000001e162800 Exception <a 'sun/nio/fs/WindowsException'> (0x00000000ec17aab0) thrown at [D:\src\AOSP-openjdk-cygwin\jdk8u\hotspot\src\share\vm\prims\jni.cpp, line 709]
Event: 3156.438 Thread 0x000000001e162800 Exception <a 'sun/nio/fs/WindowsException'> (0x00000000ec1d6a20) thrown at [D:\src\AOSP-openjdk-cygwin\jdk8u\hotspot\src\share\vm\prims\jni.cpp, line 709]

Events (10 events):
Event: 3158.203 Thread 0x000000001e162800 DEOPT PACKING pc=0x0000000002eaadf3 sp=0x000000003bf6ece0
Event: 3158.203 Thread 0x000000001e162800 DEOPT UNPACKING pc=0x0000000002c675d0 sp=0x000000003bf6ea00 mode 0
Event: 3158.320 Executing VM operation: ParallelGCFailedAllocation
Event: 3159.446 Executing VM operation: ParallelGCFailedAllocation done
Event: 3159.491 Thread 0x000000001e162800 Uncommon trap: trap_request=0xffffff65 fr.pc=0x00000000063f87d4
Event: 3159.491 Thread 0x000000001e162800 DEOPT PACKING pc=0x00000000063f87d4 sp=0x000000003bf6ec10
Event: 3159.491 Thread 0x000000001e162800 DEOPT UNPACKING pc=0x0000000002c6557b sp=0x000000003bf6ebb0 mode 2
Event: 3159.494 Thread 0x0000000017676000 flushing nmethod 0x0000000002f9e0d0
Event: 3159.501 Thread 0x000000001e162800 DEOPT PACKING pc=0x0000000006a7863b sp=0x000000003bf6ec90
Event: 3159.501 Thread 0x000000001e162800 DEOPT UNPACKING pc=0x0000000002c675d0 sp=0x000000003bf6ead8 mode 0


Dynamic libraries:
0x00007ff7878d0000 - 0x00007ff787901000 	C:\Program Files\Android\Android Studio\jre\bin\java.exe
0x00007ffc9af50000 - 0x00007ffc9b131000 	C:\WINDOWS\SYSTEM32\ntdll.dll
0x00007ffc99240000 - 0x00007ffc992f1000 	C:\WINDOWS\System32\KERNEL32.DLL
0x00007ffc97830000 - 0x00007ffc97aa3000 	C:\WINDOWS\System32\KERNELBASE.dll
0x00007ffc98c60000 - 0x00007ffc98d01000 	C:\WINDOWS\System32\ADVAPI32.dll
0x00007ffc9ae80000 - 0x00007ffc9af1e000 	C:\WINDOWS\System32\msvcrt.dll
0x00007ffc99430000 - 0x00007ffc9948b000 	C:\WINDOWS\System32\sechost.dll
0x00007ffc99300000 - 0x00007ffc99424000 	C:\WINDOWS\System32\RPCRT4.dll
0x00007ffc9acf0000 - 0x00007ffc9ae80000 	C:\WINDOWS\System32\USER32.dll
0x00007ffc97430000 - 0x00007ffc97450000 	C:\WINDOWS\System32\win32u.dll
0x00007ffc98c30000 - 0x00007ffc98c58000 	C:\WINDOWS\System32\GDI32.dll
0x00007ffc97ab0000 - 0x00007ffc97c42000 	C:\WINDOWS\System32\gdi32full.dll
0x00007ffc97450000 - 0x00007ffc974ef000 	C:\WINDOWS\System32\msvcp_win.dll
0x00007ffc97730000 - 0x00007ffc97828000 	C:\WINDOWS\System32\ucrtbase.dll
0x00007ffc895b0000 - 0x00007ffc89819000 	C:\WINDOWS\WinSxS\amd64_microsoft.windows.common-controls_6595b64144ccf1df_6.0.17134.706_none_fb43a2cb30647007\COMCTL32.dll
0x00007ffc98f10000 - 0x00007ffc99232000 	C:\WINDOWS\System32\combase.dll
0x00007ffc98360000 - 0x00007ffc983da000 	C:\WINDOWS\System32\bcryptPrimitives.dll
0x00007ffc9a970000 - 0x00007ffc9a99d000 	C:\WINDOWS\System32\IMM32.DLL
0x00007ffc96460000 - 0x00007ffc96491000 	C:\WINDOWS\SYSTEM32\ntmarta.dll
0x00007ffc97160000 - 0x00007ffc97190000 	C:\WINDOWS\SYSTEM32\SspiCli.dll
0x0000000059950000 - 0x0000000059a22000 	C:\Program Files\Android\Android Studio\jre\jre\bin\msvcr100.dll
0x0000000059a30000 - 0x000000005a271000 	C:\Program Files\Android\Android Studio\jre\jre\bin\server\jvm.dll
0x00007ffc98d80000 - 0x00007ffc98d88000 	C:\WINDOWS\System32\PSAPI.DLL
0x00007ffc89470000 - 0x00007ffc89479000 	C:\WINDOWS\SYSTEM32\WSOCK32.dll
0x00007ffc98d10000 - 0x00007ffc98d7c000 	C:\WINDOWS\System32\WS2_32.dll
0x00007ffc93fa0000 - 0x00007ffc93fc3000 	C:\WINDOWS\SYSTEM32\WINMM.dll
0x00007ffc92c10000 - 0x00007ffc92c1a000 	C:\WINDOWS\SYSTEM32\VERSION.dll
0x00007ffc93f70000 - 0x00007ffc93f9a000 	C:\WINDOWS\SYSTEM32\WINMMBASE.dll
0x00007ffc976e0000 - 0x00007ffc97729000 	C:\WINDOWS\System32\cfgmgr32.dll
0x00007ffc93ae0000 - 0x00007ffc93aef000 	C:\Program Files\Android\Android Studio\jre\jre\bin\verify.dll
0x00007ffc89380000 - 0x00007ffc893a9000 	C:\Program Files\Android\Android Studio\jre\jre\bin\java.dll
0x00007ffc89360000 - 0x00007ffc89376000 	C:\Program Files\Android\Android Studio\jre\jre\bin\zip.dll
0x00007ffc99490000 - 0x00007ffc9a8d0000 	C:\WINDOWS\System32\SHELL32.dll
0x00007ffc98900000 - 0x00007ffc989a9000 	C:\WINDOWS\System32\shcore.dll
0x00007ffc97c50000 - 0x00007ffc9835d000 	C:\WINDOWS\System32\windows.storage.dll
0x00007ffc988a0000 - 0x00007ffc988f1000 	C:\WINDOWS\System32\shlwapi.dll
0x00007ffc97300000 - 0x00007ffc97311000 	C:\WINDOWS\System32\kernel.appcore.dll
0x00007ffc972e0000 - 0x00007ffc972ff000 	C:\WINDOWS\System32\profapi.dll
0x00007ffc97280000 - 0x00007ffc972cc000 	C:\WINDOWS\System32\powrprof.dll
0x00007ffc972d0000 - 0x00007ffc972da000 	C:\WINDOWS\System32\FLTLIB.DLL
0x00007ffc78dc0000 - 0x00007ffc78dda000 	C:\Program Files\Android\Android Studio\jre\jre\bin\net.dll
0x00007ffc96ae0000 - 0x00007ffc96b46000 	C:\WINDOWS\system32\mswsock.dll
0x00007ffc78da0000 - 0x00007ffc78db1000 	C:\Program Files\Android\Android Studio\jre\jre\bin\nio.dll
0x00007ffc93b00000 - 0x00007ffc93b1e000 	C:\Users\123\.gradle\native\25\windows-amd64\native-platform.dll
0x00007ffc89160000 - 0x00007ffc8916d000 	C:\Program Files\Android\Android Studio\jre\jre\bin\management.dll
0x00007ffc96c90000 - 0x00007ffc96ca7000 	C:\WINDOWS\SYSTEM32\CRYPTSP.dll
0x00007ffc966c0000 - 0x00007ffc966f3000 	C:\WINDOWS\system32\rsaenh.dll
0x00007ffc96dc0000 - 0x00007ffc96de5000 	C:\WINDOWS\SYSTEM32\bcrypt.dll
0x00007ffc97190000 - 0x00007ffc971b8000 	C:\WINDOWS\SYSTEM32\USERENV.dll
0x00007ffc96cb0000 - 0x00007ffc96cbb000 	C:\WINDOWS\SYSTEM32\CRYPTBASE.dll
0x00007ffc96860000 - 0x00007ffc96898000 	C:\WINDOWS\SYSTEM32\IPHLPAPI.DLL
0x00007ffc9ace0000 - 0x00007ffc9ace8000 	C:\WINDOWS\System32\NSI.dll
0x00007ffc90e20000 - 0x00007ffc90e36000 	C:\WINDOWS\SYSTEM32\dhcpcsvc6.DLL
0x00007ffc918b0000 - 0x00007ffc918ca000 	C:\WINDOWS\SYSTEM32\dhcpcsvc.DLL
0x00007ffc789c0000 - 0x00007ffc789e4000 	C:\Program Files\Android\Android Studio\jre\jre\bin\sunec.dll
0x00007ffc968a0000 - 0x00007ffc9695e000 	C:\WINDOWS\SYSTEM32\DNSAPI.dll
0x00007ffc90630000 - 0x00007ffc9063a000 	C:\Windows\System32\rasadhlp.dll
0x00007ffc8d380000 - 0x00007ffc8d3f2000 	C:\WINDOWS\System32\fwpuclnt.dll
0x00007ffc94020000 - 0x00007ffc9402b000 	C:\Program Files\Android\Android Studio\jre\jre\bin\sunmscapi.dll
0x00007ffc974f0000 - 0x00007ffc976d2000 	C:\WINDOWS\System32\CRYPT32.dll
0x00007ffc97260000 - 0x00007ffc97272000 	C:\WINDOWS\System32\MSASN1.dll

VM Arguments:
jvm_args: -XX:+HeapDumpOnOutOfMemoryError -Xmx1024m -Dfile.encoding=windows-1256 -Duser.country=US -Duser.language=en -Duser.variant 
java_command: org.gradle.launcher.daemon.bootstrap.GradleDaemon 4.1
java_class_path (initial): C:\Users\123\.gradle\wrapper\dists\gradle-4.1-all\bzyivzo6n839fup2jbap0tjew\gradle-4.1\lib\gradle-launcher-4.1.jar
Launcher Type: SUN_STANDARD

Environment Variables:
PATH=C:\ProgramData\Oracle\Java\javapath;C:\PROGRAM FILES\BROADCOM\BROADCOM 802.11 NETWORK ADAPTER;C:\PROGRAM FILES (X86)\INTEL\ICLS CLIENT\;C:\PROGRAM FILES\INTEL\ICLS CLIENT\;C:\Windows\SYSTEM32;C:\Windows;C:\Windows\SYSTEM32\WBEM;C:\Windows\SYSTEM32\WINDOWSPOWERSHELL\V1.0\;C:\PROGRAM FILES\INTEL\INTEL(R) MANAGEMENT ENGINE COMPONENTS\DAL;C:\PROGRAM FILES\INTEL\INTEL(R) MANAGEMENT ENGINE COMPONENTS\IPT;C:\PROGRAM FILES (X86)\INTEL\INTEL(R) MANAGEMENT ENGINE COMPONENTS\DAL;C:\PROGRAM FILES (X86)\INTEL\INTEL(R) MANAGEMENT ENGINE COMPONENTS\IPT;C:\PROGRAM FILES\WIDCOMM\BLUETOOTH SOFTWARE\;C:\PROGRAM FILES\WIDCOMM\BLUETOOTH SOFTWARE\SYSWOW64;C:\Program Files\Broadcom\WHL\;C:\Program Files\Broadcom\WHL\syswow64;C:\Program Files\Broadcom\WHL\SysWow64\;C:\Program Files\Broadcom\WHL\SysWow64\syswow64;C:\Program Files (x86)\NVIDIA Corporation\PhysX\Common;C:\Program Files (x86)\Skype\Phone\;C:\WINDOWS\system32;C:\WINDOWS;C:\WINDOWS\System32\Wbem;C:\WINDOWS\System32\WindowsPowerShell\v1.0\;C:\Program Files\MySQL\MySQL Utilities 1.6\;C:\Program Files\Java\jdk1.8.0_151\bin;C:\WINDOWS\System32\OpenSSH\;C:\Program Files\Git\cmd;C:\Program Files\NVIDIA Corporation\NVIDIA NvDLISR;C:\gradle-5.4.1\bin;D:\Documents\tools\ide\bin;C:\Users\123\AppData\Local\Microsoft\WindowsApps;C:\Users\123\AppData\Local\Programs\Microsoft VS Code\bin;GRADLE_HOME\bin;C:\Users\123\AppData\Local\Google\Cloud SDK\google-cloud-sdk\bin
USERNAME=123
OS=Windows_NT
PROCESSOR_IDENTIFIER=Intel64 Family 6 Model 58 Stepping 9, GenuineIntel



---------------  S Y S T E M  ---------------

OS: Windows 10.0 , 64 bit Build 17134 (10.0.17134.706)

CPU:total 8 (initial active 8) (4 cores per cpu, 2 threads per core) family 6 model 58 stepping 9, cmov, cx8, fxsr, mmx, sse, sse2, sse3, ssse3, sse4.1, sse4.2, popcnt, avx, aes, clmul, erms, ht, tsc, tscinvbit, tscinv

Memory: 4k page, physical 8340900k(840028k free), swap 10300836k(1760k free)

vm_info: OpenJDK 64-Bit Server VM (25.152-b01) for windows-amd64 JRE (1.8.0_152-release-1343-b01), built by "builder" with MS VC++ 10.0 (VS2010)

time: Tue Jun 11 11:04:51 2019
elapsed time: 3159 seconds (0d 0h 52m 39s)

